<?xml version="1.0" encoding="UTF-8"?>
<!-- Generated by org.testng.reporters.JUnitReportReporter -->
<testsuite hostname="DESKTOP-5A4UTNH" failures="0" tests="5" name="com.qa.opencart.tests.HomePageTest" time="2.886" errors="0" timestamp="2024-09-12T23:55:39 IST" skipped="0">
  <testcase classname="com.qa.opencart.tests.HomePageTest" name="homePageUrlTest" time="0.006"/>
  <system-out/>
  <testcase classname="com.qa.opencart.tests.HomePageTest" name="homePageTitleTest" time="0.035"/>
  <system-out/>
  <testcase classname="com.qa.opencart.tests.HomePageTest" name="searchTest" time="0.590"/>
  <system-out/>
  <testcase classname="com.qa.opencart.tests.HomePageTest" name="searchTest" time="0.617"/>
  <system-out/>
  <testcase classname="com.qa.opencart.tests.HomePageTest" name="searchTest" time="1.638"/>
  <system-out/>
</testsuite> <!-- com.qa.opencart.tests.HomePageTest -->
